Loading configuration... done.
Reading up to time step: 607.38  (607.38/3600.00 = 16.87% done)       Reading up to time step: 807.38  (807.38/3600.00 = 22.43% done)       Reading up to time step: 1007.38  (1007.38/3600.00 = 27.98% done)       Reading up to time step: 1207.38  (1207.38/3600.00 = 33.54% done)       Reading up to time step: 1407.38  (1407.38/3600.00 = 39.09% done)       Reading up to time step: 1607.38  (1607.38/3600.00 = 44.65% done)       Reading up to time step: 1807.38  (1807.38/3600.00 = 50.20% done)       Reading up to time step: 2007.38  (2007.38/3600.00 = 55.76% done)       Reading up to time step: 2207.38  (2207.38/3600.00 = 61.32% done)       Reading up to time step: 2407.38  (2407.38/3600.00 = 66.87% done)       Warning: No connection between edge '100851682' and edge '71213420#1' found.
Warning: Mandatory edge '71213420#1' not reachable by vehicle '1827'.
Warning: The vehicle '1827' has no valid route.
Warning: No connection between edge '126777129#0' and edge '-23971579#3' found.
Warning: Mandatory edge '-23971579#3' not reachable by vehicle '1884'.
Warning: The vehicle '1884' has no valid route.
Warning: No connection between edge '22726014#0' and edge '408924700#3' found.
Warning: Mandatory edge '408924700#3' not reachable by vehicle '1849'.
Warning: The vehicle '1849' has no valid route.
Warning: No connection between edge '-85526064' and edge '397412670' found.
Warning: Mandatory edge '397412670' not reachable by vehicle '166'.
Warning: The vehicle '166' has no valid route.
Warning: No connection between edge '397412671' and edge '-380683010#1' found.
Warning: Mandatory edge '-380683010#1' not reachable by vehicle '1766'.
Warning: The vehicle '1766' has no valid route.
Warning: No connection between edge '100851688' and edge '-123484158#1' found.
Warning: Mandatory edge '-123484158#1' not reachable by vehicle '1962'.
Warning: The vehicle '1962' has no valid route.
Warning: No connection between edge '-23971557#2' and edge '125233795#1' found.
Warning: Mandatory edge '125233795#1' not reachable by vehicle '316'.
Warning: The vehicle '316' has no valid route.
Warning: No connection between edge '85526065#1' and edge '-100851688' found.
Warning: Mandatory edge '-100851688' not reachable by vehicle '475'.
Warning: The vehicle '475' has no valid route.
Warning: No connection between edge '22726014#0' and edge '76508306' found.
Warning: Mandatory edge '76508306' not reachable by vehicle '1637'.
Warning: The vehicle '1637' has no valid route.
Warning: No connection between edge '100851682' and edge '-76508319#1' found.
Warning: Mandatory edge '-76508319#1' not reachable by vehicle '1692'.
Warning: The vehicle '1692' has no valid route.
Warning: No connection between edge '397412671' and edge '-24560963#4' found.
Warning: Mandatory edge '-24560963#4' not reachable by vehicle '1602'.
Warning: The vehicle '1602' has no valid route.
Warning: No connection between edge '126777129#0' and edge '151292453#5' found.
Warning: Mandatory edge '151292453#5' not reachable by vehicle '1598'.
Warning: The vehicle '1598' has no valid route.
Warning: No connection between edge '381991688#6' and edge '125233795#1' found.
Warning: Mandatory edge '125233795#1' not reachable by vehicle '466'.
Warning: The vehicle '466' has no valid route.
Warning: No connection between edge '100851698' and edge '-381991688#5' found.
Warning: Mandatory edge '-381991688#5' not reachable by vehicle '1753'.
Warning: The vehicle '1753' has no valid route.
Warning: No connection between edge '32933439#0' and edge '125233797' found.
Warning: Mandatory edge '125233797' not reachable by vehicle '214'.
Warning: The vehicle '214' has no valid route.
Warning: No connection between edge '123484020#3' and edge '125233795#1' found.
Warning: Mandatory edge '125233795#1' not reachable by vehicle '235'.
Warning: The vehicle '235' has no valid route.
Warning: No connection between edge '100851682' and edge '123483779' found.
Warning: Mandatory edge '123483779' not reachable by vehicle '1924'.
Warning: The vehicle '1924' has no valid route.
Warning: No connection between edge '23971562#4' and edge '125233797' found.
Warning: Mandatory edge '125233797' not reachable by vehicle '414'.
Warning: The vehicle '414' has no valid route.
Warning: No connection between edge '151292453#5' and edge '125233797' found.
Warning: Mandatory edge '125233797' not reachable by vehicle '319'.
Warning: The vehicle '319' has no valid route.
Warning: No connection between edge '23904701#2' and edge '351227855' found.
Warning: Mandatory edge '351227855' not reachable by vehicle '1188'.
Warning: The vehicle '1188' has no valid route.
Warning: No connection between edge '126777129#0' and edge '85526060#2' found.
Warning: Mandatory edge '85526060#2' not reachable by vehicle '1543'.
Warning: The vehicle '1543' has no valid route.
Warning: No connection between edge '320348772#0' and edge '125233795#1' found.
Warning: Mandatory edge '125233795#1' not reachable by vehicle '215'.
Warning: The vehicle '215' has no valid route.
Warning: No connection between edge '123483741' and edge '125233797' found.
Warning: Mandatory edge '125233797' not reachable by vehicle '210'.
Warning: The vehicle '210' has no valid route.
Warning: No connection between edge '397412671' and edge '23971697#3' found.
Warning: Mandatory edge '23971697#3' not reachable by vehicle '1639'.
Warning: The vehicle '1639' has no valid route.
Warning: No connection between edge '244834835' and edge '125233795#1' found.
Warning: Mandatory edge '125233795#1' not reachable by vehicle '391'.
Warning: The vehicle '391' has no valid route.
Warning: No connection between edge '395906341#1' and edge '351227855' found.
Warning: Mandatory edge '351227855' not reachable by vehicle '1269'.
Warning: The vehicle '1269' has no valid route.
Warning: No connection between edge '23907628#0' and edge '-100851688' found.
Warning: Mandatory edge '-100851688' not reachable by vehicle '205'.
Warning: The vehicle '205' has no valid route.
Warning: No connection between edge '397412671' and edge '380683010#2' found.
Warning: Mandatory edge '380683010#2' not reachable by vehicle '1940'.
Warning: The vehicle '1940' has no valid route.
Warning: No connection between edge '23971697#3' and edge '397412670' found.
Warning: Mandatory edge '397412670' not reachable by vehicle '164'.
Warning: The vehicle '164' has no valid route.
Warning: No connection between edge '-123484027#1' and edge '125233795#1' found.
Warning: Mandatory edge '125233795#1' not reachable by vehicle '114'.
Warning: The vehicle '114' has no valid route.
Warning: No connection between edge '100851688' and edge '24560963#3' found.
Warning: Mandatory edge '24560963#3' not reachable by vehicle '1794'.
Warning: The vehicle '1794' has no valid route.
Warning: No connection between edge '-381991688#6' and edge '125233795#1' found.
Warning: Mandatory edge '125233795#1' not reachable by vehicle '162'.
Warning: The vehicle '162' has no valid route.
Warning: No connection between edge '-380683010#2' and edge '397412670' found.
Warning: Mandatory edge '397412670' not reachable by vehicle '207'.
Warning: The vehicle '207' has no valid route.
Warning: No connection between edge '-76508319#1' and edge '-100851682' found.
Warning: Mandatory edge '-100851682' not reachable by vehicle '221'.
Warning: The vehicle '221' has no valid route.
Warning: No connection between edge '22726014#0' and edge '-380683010#0' found.
Warning: Mandatory edge '-380683010#0' not reachable by vehicle '1763'.
Warning: The vehicle '1763' has no valid route.
Warning: No connection between edge '85526063' and edge '125233795#1' found.
Warning: Mandatory edge '125233795#1' not reachable by vehicle '30'.
Warning: The vehicle '30' has no valid route.
Warning: No connection between edge '76508306' and edge '-100851688' found.
Warning: Mandatory edge '-100851688' not reachable by vehicle '383'.
Warning: The vehicle '383' has no valid route.
Warning: No connection between edge '100851682' and edge '381991688#4' found.
Warning: Mandatory edge '381991688#4' not reachable by vehicle '1984'.
Warning: The vehicle '1984' has no valid route.
Warning: No connection between edge '380683010#0' and edge '397412670' found.
Warning: Mandatory edge '397412670' not reachable by vehicle '41'.
Warning: The vehicle '41' has no valid route.
Warning: No connection between edge '100851698' and edge '123483861' found.
Warning: Mandatory edge '123483861' not reachable by vehicle '1986'.
Warning: The vehicle '1986' has no valid route.
Warning: No connection between edge '-76508319#1' and edge '125233797' found.
Warning: Mandatory edge '125233797' not reachable by vehicle '278'.
Warning: The vehicle '278' has no valid route.
Success.
