Loading configuration... done.
Reading up to time step: 0.79  (0.79/3600.00 = 0.02% done)       Reading up to time step: 200.79  (200.79/3600.00 = 5.58% done)       Warning: No connection between edge '254821794#0' and edge '125233795#0' found.
Warning: Mandatory edge '125233795#0' not reachable by vehicle '907'.
Warning: The vehicle '907' has no valid route.
Warning: No connection between edge '-123484086#4' and edge '76043570' found.
Warning: Mandatory edge '76043570' not reachable by vehicle '1254'.
Warning: The vehicle '1254' has no valid route.
Warning: No connection between edge '345228944#0' and edge '125233795#0' found.
Warning: Mandatory edge '125233795#0' not reachable by vehicle '6273'.
Warning: The vehicle '6273' has no valid route.
Reading up to time step: 400.79  (400.79/3600.00 = 11.13% done)       Warning: No connection between edge '50170572#20' and edge '-36243999#0' found.
Warning: Mandatory edge '-36243999#0' not reachable by vehicle '917'.
Warning: The vehicle '917' has no valid route.
Warning: No connection between edge '330982395#1' and edge '158265387' found.
Warning: Mandatory edge '158265387' not reachable by vehicle '1280'.
Warning: The vehicle '1280' has no valid route.
Reading up to time step: 600.79  (600.79/3600.00 = 16.69% done)       Warning: No connection between edge '397412671' and edge '75123293#0' found.
Warning: Mandatory edge '75123293#0' not reachable by vehicle '1315'.
Warning: The vehicle '1315' has no valid route.
Reading up to time step: 800.79  (800.79/3600.00 = 22.24% done)       Warning: No connection between edge '53163821#0' and edge '-36243999#0' found.
Warning: Mandatory edge '-36243999#0' not reachable by vehicle '1310'.
Warning: The vehicle '1310' has no valid route.
Warning: No connection between edge '85892142' and edge '-345228944#0' found.
Warning: Mandatory edge '-345228944#0' not reachable by vehicle '2920'.
Warning: The vehicle '2920' has no valid route.
Reading up to time step: 1000.79  (1000.79/3600.00 = 27.80% done)       Reading up to time step: 1200.79  (1200.79/3600.00 = 33.36% done)       Warning: No connection between edge '378121655' and edge '-23957558#1' found.
Warning: Mandatory edge '-23957558#1' not reachable by vehicle '1512'.
Warning: The vehicle '1512' has no valid route.
Warning: No connection between edge '4616750#0' and edge '205623592#0' found.
Warning: Mandatory edge '205623592#0' not reachable by vehicle '4158'.
Warning: The vehicle '4158' has no valid route.
Warning: No connection between edge '330982375' and edge '-23907664#10' found.
Warning: Mandatory edge '-23907664#10' not reachable by vehicle '1260'.
Warning: The vehicle '1260' has no valid route.
Warning: No connection between edge '330982395#1' and edge '180049721#1' found.
Warning: Mandatory edge '180049721#1' not reachable by vehicle '2840'.
Warning: The vehicle '2840' has no valid route.
Reading up to time step: 1400.79  (1400.79/3600.00 = 38.91% done)       Warning: No connection between edge '-424825345' and edge '36243999#1' found.
Warning: Mandatory edge '36243999#1' not reachable by vehicle '679'.
Warning: The vehicle '679' has no valid route.
Warning: No connection between edge '23859154#0' and edge '-28355491#1' found.
Warning: Mandatory edge '-28355491#1' not reachable by vehicle '1049'.
Warning: The vehicle '1049' has no valid route.
Warning: No connection between edge '180049723#0' and edge '328740483' found.
Warning: Mandatory edge '328740483' not reachable by vehicle '5897'.
Warning: The vehicle '5897' has no valid route.
Reading up to time step: 1600.79  (1600.79/3600.00 = 44.47% done)       Warning: No connection between edge '23957553#1' and edge '-345228944#0' found.
Warning: Mandatory edge '-345228944#0' not reachable by vehicle '2921'.
Warning: The vehicle '2921' has no valid route.
Warning: No connection between edge '314898332' and edge '-32900502#1' found.
Warning: Mandatory edge '-32900502#1' not reachable by vehicle '1537'.
Warning: The vehicle '1537' has no valid route.
Warning: No connection between edge '4616750#0' and edge '410102852#1' found.
Warning: Mandatory edge '410102852#1' not reachable by vehicle '4104'.
Warning: The vehicle '4104' has no valid route.
Reading up to time step: 1800.79  (1800.79/3600.00 = 50.02% done)       Reading up to time step: 2000.79  (2000.79/3600.00 = 55.58% done)       Warning: No connection between edge '-36243994#0' and edge '50170572#18' found.
Warning: Mandatory edge '50170572#18' not reachable by vehicle '1585'.
Warning: The vehicle '1585' has no valid route.
Warning: No connection between edge '408963359' and edge '397412670' found.
Warning: Mandatory edge '397412670' not reachable by vehicle '1109'.
Warning: The vehicle '1109' has no valid route.
Reading up to time step: 2200.79  (2200.79/3600.00 = 61.13% done)       Reading up to time step: 2400.79  (2400.79/3600.00 = 66.69% done)       Warning: No connection between edge '85892142' and edge '95159050#1' found.
Warning: Mandatory edge '95159050#1' not reachable by vehicle '3114'.
Warning: The vehicle '3114' has no valid route.
Warning: No connection between edge '345228944#0' and edge '29289647' found.
Warning: Mandatory edge '29289647' not reachable by vehicle '6295'.
Warning: The vehicle '6295' has no valid route.
Reading up to time step: 2600.79  (2600.79/3600.00 = 72.24% done)       Warning: No connection between edge '330982375' and edge '26141600' found.
Warning: Mandatory edge '26141600' not reachable by vehicle '3498'.
Warning: The vehicle '3498' has no valid route.
Warning: No connection between edge '24038150#3' and edge '28355525' found.
Warning: Mandatory edge '28355525' not reachable by vehicle '1021'.
Warning: The vehicle '1021' has no valid route.
Warning: No connection between edge '-32402834#0' and edge '29289647' found.
Warning: Mandatory edge '29289647' not reachable by vehicle '1946'.
Warning: The vehicle '1946' has no valid route.
Warning: No connection between edge '77697382' and edge '409770784' found.
Warning: Mandatory edge '409770784' not reachable by vehicle '340'.
Warning: The vehicle '340' has no valid route.
Reading up to time step: 2800.79  (2800.79/3600.00 = 77.80% done)       Warning: No connection between edge '36243999#1' and edge '-75117926#2' found.
Warning: Mandatory edge '-75117926#2' not reachable by vehicle '1778'.
Warning: The vehicle '1778' has no valid route.
Warning: No connection between edge '125233793#0' and edge '96645524#1' found.
Warning: Mandatory edge '96645524#1' not reachable by vehicle '2324'.
Warning: The vehicle '2324' has no valid route.
Warning: No connection between edge '97751437#0' and edge '-36243994#0' found.
Warning: Mandatory edge '-36243994#0' not reachable by vehicle '4950'.
Warning: The vehicle '4950' has no valid route.
Reading up to time step: 3000.79  (3000.79/3600.00 = 83.36% done)       Warning: No connection between edge '22726014#1' and edge '-75117816#9' found.
Warning: Mandatory edge '-75117816#9' not reachable by vehicle '1743'.
Warning: The vehicle '1743' has no valid route.
Warning: No connection between edge '330982375' and edge '95159050#1' found.
Warning: Mandatory edge '95159050#1' not reachable by vehicle '3157'.
Warning: The vehicle '3157' has no valid route.
Reading up to time step: 3200.79  (3200.79/3600.00 = 88.91% done)       Warning: No connection between edge '-23957345#3' and edge '123484118' found.
Warning: Mandatory edge '123484118' not reachable by vehicle '1042'.
Warning: The vehicle '1042' has no valid route.
Warning: No connection between edge '314898332' and edge '-262718090#0' found.
Warning: Mandatory edge '-262718090#0' not reachable by vehicle '1679'.
Warning: The vehicle '1679' has no valid route.
Reading up to time step: 3400.79  (3400.79/3600.00 = 94.47% done)       Warning: No connection between edge '-36243994#1' and edge '95159050#1' found.
Warning: Mandatory edge '95159050#1' not reachable by vehicle '3184'.
Warning: The vehicle '3184' has no valid route.
Warning: No connection between edge '386386644' and edge '-28355604#2' found.
Warning: Mandatory edge '-28355604#2' not reachable by vehicle '1577'.
Warning: The vehicle '1577' has no valid route.
Warning: No connection between edge '-123484005#1' and edge '38754458' found.
Warning: Mandatory edge '38754458' not reachable by vehicle '974'.
Warning: The vehicle '974' has no valid route.
Warning: No connection between edge '179175853' and edge '318886585#1' found.
Warning: Mandatory edge '318886585#1' not reachable by vehicle '1706'.
Warning: The vehicle '1706' has no valid route.
Reading up to time step: 3600.00  (3600.00/3600.00 = 100.00% done)       Warning: No connection between edge '4616750#0' and edge '183334658' found.
Warning: Mandatory edge '183334658' not reachable by vehicle '4082'.
Warning: The vehicle '4082' has no valid route.
Success.
