Loading configuration... done.
Reading up to time step: 0.40  (0.40/3600.00 = 0.01% done)       Reading up to time step: 200.40  (200.40/3600.00 = 5.57% done)       Warning: No connection between edge '-304101517' and edge '126777129#2' found.
Warning: Mandatory edge '126777129#2' not reachable by vehicle '13242'.
Warning: The vehicle '13242' has no valid route.
Warning: No connection between edge '32904613' and edge '125233795#1' found.
Warning: Mandatory edge '125233795#1' not reachable by vehicle '5793'.
Warning: The vehicle '5793' has no valid route.
Warning: No connection between edge '35576028' and edge '125233795#0' found.
Warning: Mandatory edge '125233795#0' not reachable by vehicle '907'.
Warning: The vehicle '907' has no valid route.
Warning: No connection between edge '355558165#0' and edge '351227855' found.
Warning: Mandatory edge '351227855' not reachable by vehicle '16492'.
Warning: The vehicle '16492' has no valid route.
Warning: No connection between edge '28355525' and edge '180049721#1' found.
Warning: Mandatory edge '180049721#1' not reachable by vehicle '13497'.
Warning: The vehicle '13497' has no valid route.
Warning: No connection between edge '244834835' and edge '125233795#0' found.
Warning: Mandatory edge '125233795#0' not reachable by vehicle '6279'.
Warning: The vehicle '6279' has no valid route.
Warning: No connection between edge '355558155#1' and edge '-32933447#0' found.
Warning: Mandatory edge '-32933447#0' not reachable by vehicle '4791'.
Warning: The vehicle '4791' has no valid route.
Reading up to time step: 400.40  (400.40/3600.00 = 11.12% done)       Warning: No connection between edge '-75117849#1' and edge '318886585#0' found.
Warning: Mandatory edge '318886585#0' not reachable by vehicle '2988'.
Warning: The vehicle '2988' has no valid route.
Warning: No connection between edge '35576028' and edge '-36243999#0' found.
Warning: Mandatory edge '-36243999#0' not reachable by vehicle '917'.
Warning: The vehicle '917' has no valid route.
Warning: No connection between edge '252184785#1' and edge '36243999#1' found.
Warning: Mandatory edge '36243999#1' not reachable by vehicle '10831'.
Warning: The vehicle '10831' has no valid route.
Warning: No connection between edge '-36243994#0' and edge '-345228944#0' found.
Warning: Mandatory edge '-345228944#0' not reachable by vehicle '14201'.
Warning: The vehicle '14201' has no valid route.
Warning: No connection between edge '330982395#0' and edge '242703047#0' found.
Warning: Mandatory edge '242703047#0' not reachable by vehicle '10479'.
Warning: The vehicle '10479' has no valid route.
Warning: No connection between edge '179175842' and edge '28359617#6' found.
Warning: Mandatory edge '28359617#6' not reachable by vehicle '7199'.
Warning: The vehicle '7199' has no valid route.
Warning: No connection between edge '123484052#1' and edge '397412670' found.
Warning: Mandatory edge '397412670' not reachable by vehicle '2802'.
Warning: The vehicle '2802' has no valid route.
Reading up to time step: 600.40  (600.40/3600.00 = 16.68% done)       Warning: No connection between edge '123484118' and edge '154170709' found.
Warning: Mandatory edge '154170709' not reachable by vehicle '10850'.
Warning: The vehicle '10850' has no valid route.
Warning: No connection between edge '345228944#0' and edge '-100851682' found.
Warning: Mandatory edge '-100851682' not reachable by vehicle '23306'.
Warning: The vehicle '23306' has no valid route.
Warning: No connection between edge '23859301#1' and edge '-304101517' found.
Warning: Mandatory edge '-304101517' not reachable by vehicle '10223'.
Warning: The vehicle '10223' has no valid route.
Warning: No connection between edge '397412671' and edge '409770784' found.
Warning: Mandatory edge '409770784' not reachable by vehicle '1314'.
Warning: The vehicle '1314' has no valid route.
Warning: No connection between edge '123483766' and edge '409045422#15' found.
Warning: Mandatory edge '409045422#15' not reachable by vehicle '4947'.
Warning: The vehicle '4947' has no valid route.
Warning: No connection between edge '75117851' and edge '22892064#5' found.
Warning: Mandatory edge '22892064#5' not reachable by vehicle '9977'.
Warning: The vehicle '9977' has no valid route.
Warning: No connection between edge '36247684#2' and edge '-409139013' found.
Warning: Mandatory edge '-409139013' not reachable by vehicle '7607'.
Warning: The vehicle '7607' has no valid route.
Reading up to time step: 800.40  (800.40/3600.00 = 22.23% done)       Warning: No connection between edge '76508314#2' and edge '-36243999#1' found.
Warning: Mandatory edge '-36243999#1' not reachable by vehicle '10491'.
Warning: The vehicle '10491' has no valid route.
Warning: No connection between edge '179175830' and edge '-28343686#8' found.
Warning: Mandatory edge '-28343686#8' not reachable by vehicle '9296'.
Warning: The vehicle '9296' has no valid route.
Warning: No connection between edge '-91348367#7' and edge '-36243999#1' found.
Warning: Mandatory edge '-36243999#1' not reachable by vehicle '2854'.
Warning: The vehicle '2854' has no valid route.
Warning: No connection between edge '355558165#0' and edge '123484055' found.
Warning: Mandatory edge '123484055' not reachable by vehicle '15840'.
Warning: The vehicle '15840' has no valid route.
Warning: No connection between edge '-95159050#1' and edge '180049730' found.
Warning: Mandatory edge '180049730' not reachable by vehicle '25624'.
Warning: The vehicle '25624' has no valid route.
Warning: No connection between edge '85892142' and edge '158346183' found.
Warning: Mandatory edge '158346183' not reachable by vehicle '2922'.
Warning: The vehicle '2922' has no valid route.
Warning: No connection between edge '179175842' and edge '26141600' found.
Warning: Mandatory edge '26141600' not reachable by vehicle '15238'.
Warning: The vehicle '15238' has no valid route.
Warning: No connection between edge '126777129#0' and edge '382109588#0' found.
Warning: Mandatory edge '382109588#0' not reachable by vehicle '8164'.
Warning: The vehicle '8164' has no valid route.
Warning: No connection between edge '23957428#5' and edge '-304101517' found.
Warning: Mandatory edge '-304101517' not reachable by vehicle '7956'.
Warning: The vehicle '7956' has no valid route.
Warning: No connection between edge '329573257' and edge '397412670' found.
Warning: Mandatory edge '397412670' not reachable by vehicle '19836'.
Warning: The vehicle '19836' has no valid route.
Warning: No connection between edge '180049723#0' and edge '125233795#1' found.
Warning: Mandatory edge '125233795#1' not reachable by vehicle '21830'.
Warning: The vehicle '21830' has no valid route.
Reading up to time step: 1000.40  (1000.40/3600.00 = 27.79% done)       Warning: No connection between edge '-36243999#0' and edge '90746316' found.
Warning: Mandatory edge '90746316' not reachable by vehicle '7061'.
Warning: The vehicle '7061' has no valid route.
Warning: No connection between edge '314898332' and edge '95159050#1' found.
Warning: Mandatory edge '95159050#1' not reachable by vehicle '14934'.
Warning: The vehicle '14934' has no valid route.
Warning: No connection between edge '100851688' and edge '-28359606#1' found.
Warning: Mandatory edge '-28359606#1' not reachable by vehicle '5286'.
Warning: The vehicle '5286' has no valid route.
Warning: No connection between edge '180049723#0' and edge '125233795#0' found.
Warning: Mandatory edge '125233795#0' not reachable by vehicle '22096'.
Warning: The vehicle '22096' has no valid route.
Warning: No connection between edge '345228944#0' and edge '103584172' found.
Warning: Mandatory edge '103584172' not reachable by vehicle '23267'.
Warning: The vehicle '23267' has no valid route.
Warning: No connection between edge '103584204' and edge '262718090#2' found.
Warning: Mandatory edge '262718090#2' not reachable by vehicle '5367'.
Warning: The vehicle '5367' has no valid route.
Warning: No connection between edge '24545613#0' and edge '-23905091#3' found.
Warning: Mandatory edge '-23905091#3' not reachable by vehicle '6394'.
Warning: The vehicle '6394' has no valid route.
Warning: No connection between edge '24545613#0' and edge '95159050#1' found.
Warning: Mandatory edge '95159050#1' not reachable by vehicle '14806'.
Warning: The vehicle '14806' has no valid route.
Warning: No connection between edge '158350660' and edge '410102852#1' found.
Warning: Mandatory edge '410102852#1' not reachable by vehicle '8009'.
Warning: The vehicle '8009' has no valid route.
Warning: No connection between edge '-106134392#2' and edge '36243994#0' found.
Warning: Mandatory edge '36243994#0' not reachable by vehicle '6580'.
Warning: The vehicle '6580' has no valid route.
Warning: No connection between edge '103584204' and edge '-158349114' found.
Warning: Mandatory edge '-158349114' not reachable by vehicle '6318'.
Warning: The vehicle '6318' has no valid route.
Warning: No connection between edge '386386644' and edge '96645524#1' found.
Warning: Mandatory edge '96645524#1' not reachable by vehicle '12487'.
Warning: The vehicle '12487' has no valid route.
Reading up to time step: 1200.40  (1200.40/3600.00 = 33.34% done)       Warning: No connection between edge '378121655' and edge '-23957558#1' found.
Warning: Mandatory edge '-23957558#1' not reachable by vehicle '1511'.
Warning: The vehicle '1511' has no valid route.
Warning: No connection between edge '85526065#1' and edge '36243994#1' found.
Warning: Mandatory edge '36243994#1' not reachable by vehicle '2626'.
Warning: The vehicle '2626' has no valid route.
Warning: No connection between edge '23919171#4' and edge '205623592#0' found.
Warning: Mandatory edge '205623592#0' not reachable by vehicle '4162'.
Warning: The vehicle '4162' has no valid route.
Warning: No connection between edge '100851688' and edge '23907635#3' found.
Warning: Mandatory edge '23907635#3' not reachable by vehicle '9746'.
Warning: The vehicle '9746' has no valid route.
Warning: No connection between edge '355558165#0' and edge '36243999#1' found.
Warning: Mandatory edge '36243999#1' not reachable by vehicle '16083'.
Warning: The vehicle '16083' has no valid route.
Warning: No connection between edge '409073639#4' and edge '29289647' found.
Warning: Mandatory edge '29289647' not reachable by vehicle '3434'.
Warning: The vehicle '3434' has no valid route.
Warning: No connection between edge '330982395#1' and edge '-206095635#0' found.
Warning: Mandatory edge '-206095635#0' not reachable by vehicle '2841'.
Warning: The vehicle '2841' has no valid route.
Warning: No connection between edge '36243994#1' and edge '23957530#0' found.
Warning: Mandatory edge '23957530#0' not reachable by vehicle '7337'.
Warning: The vehicle '7337' has no valid route.
Reading up to time step: 1400.40  (1400.40/3600.00 = 38.90% done)       Warning: No connection between edge '35576028' and edge '36243999#1' found.
Warning: Mandatory edge '36243999#1' not reachable by vehicle '679'.
Warning: The vehicle '679' has no valid route.
Warning: No connection between edge '386386644' and edge '24545613#0' found.
Warning: Mandatory edge '24545613#0' not reachable by vehicle '4648'.
Warning: The vehicle '4648' has no valid route.
Warning: No connection between edge '256362045' and edge '95159050#1' found.
Warning: Mandatory edge '95159050#1' not reachable by vehicle '14885'.
Warning: The vehicle '14885' has no valid route.
Warning: No connection between edge '330982374' and edge '100851694' found.
Warning: Mandatory edge '100851694' not reachable by vehicle '4575'.
Warning: The vehicle '4575' has no valid route.
Warning: No connection between edge '23859154#0' and edge '409770784' found.
Warning: Mandatory edge '409770784' not reachable by vehicle '1048'.
Warning: The vehicle '1048' has no valid route.
Warning: No connection between edge '22726014#1' and edge '-409073638#7' found.
Warning: Mandatory edge '-409073638#7' not reachable by vehicle '2609'.
Warning: The vehicle '2609' has no valid route.
Warning: No connection between edge '23971562#0' and edge '29289647' found.
Warning: Mandatory edge '29289647' not reachable by vehicle '10237'.
Warning: The vehicle '10237' has no valid route.
Warning: No connection between edge '179175853' and edge '23859154#1' found.
Warning: Mandatory edge '23859154#1' not reachable by vehicle '11845'.
Warning: The vehicle '11845' has no valid route.
Warning: No connection between edge '-382109588#0' and edge '328740483' found.
Warning: Mandatory edge '328740483' not reachable by vehicle '5903'.
Warning: The vehicle '5903' has no valid route.
Reading up to time step: 1600.40  (1600.40/3600.00 = 44.46% done)       Warning: No connection between edge '22726014#0' and edge '-23907675#0' found.
Warning: Mandatory edge '-23907675#0' not reachable by vehicle '7994'.
Warning: The vehicle '7994' has no valid route.
Warning: No connection between edge '97751437#0' and edge '100851694' found.
Warning: Mandatory edge '100851694' not reachable by vehicle '19903'.
Warning: The vehicle '19903' has no valid route.
Warning: No connection between edge '23957553#1' and edge '-23957285#1' found.
Warning: Mandatory edge '-23957285#1' not reachable by vehicle '2923'.
Warning: The vehicle '2923' has no valid route.
Warning: No connection between edge '75117862#1' and edge '28355525' found.
Warning: Mandatory edge '28355525' not reachable by vehicle '11148'.
Warning: The vehicle '11148' has no valid route.
Warning: No connection between edge '75117851' and edge '29089930#2' found.
Warning: Mandatory edge '29089930#2' not reachable by vehicle '8949'.
Warning: The vehicle '8949' has no valid route.
Warning: No connection between edge '314898332' and edge '-32900502#1' found.
Warning: Mandatory edge '-32900502#1' not reachable by vehicle '1536'.
Warning: The vehicle '1536' has no valid route.
Warning: No connection between edge '75117845#1' and edge '36243999#0' found.
Warning: Mandatory edge '36243999#0' not reachable by vehicle '9382'.
Warning: The vehicle '9382' has no valid route.
Warning: No connection between edge '28359585#2' and edge '410102852#1' found.
Warning: Mandatory edge '410102852#1' not reachable by vehicle '4108'.
Warning: The vehicle '4108' has no valid route.
Reading up to time step: 1800.40  (1800.40/3600.00 = 50.01% done)       Warning: No connection between edge '50170572#12' and edge '125233797' found.
Warning: Mandatory edge '125233797' not reachable by vehicle '10878'.
Warning: The vehicle '10878' has no valid route.
Warning: No connection between edge '123484118' and edge '23907600#1' found.
Warning: Mandatory edge '23907600#1' not reachable by vehicle '5080'.
Warning: The vehicle '5080' has no valid route.
Warning: No connection between edge '23907662#0' and edge '123484118' found.
Warning: Mandatory edge '123484118' not reachable by vehicle '5117'.
Warning: The vehicle '5117' has no valid route.
Warning: No connection between edge '23904701#0' and edge '-100851688' found.
Warning: Mandatory edge '-100851688' not reachable by vehicle '7141'.
Warning: The vehicle '7141' has no valid route.
Warning: No connection between edge '4616750#0' and edge '-100851690' found.
Warning: Mandatory edge '-100851690' not reachable by vehicle '17154'.
Warning: The vehicle '17154' has no valid route.
Warning: No connection between edge '-304101517' and edge '24038173#1' found.
Warning: Mandatory edge '24038173#1' not reachable by vehicle '7545'.
Warning: The vehicle '7545' has no valid route.
Warning: No connection between edge '24545612' and edge '-409262277#1' found.
Warning: Mandatory edge '-409262277#1' not reachable by vehicle '5180'.
Warning: The vehicle '5180' has no valid route.
Warning: No connection between edge '22726014#1' and edge '179175827#6' found.
Warning: Mandatory edge '179175827#6' not reachable by vehicle '10752'.
Warning: The vehicle '10752' has no valid route.
Warning: No connection between edge '-36243994#0' and edge '-123483820' found.
Warning: Mandatory edge '-123483820' not reachable by vehicle '5655'.
Warning: The vehicle '5655' has no valid route.
Reading up to time step: 2000.40  (2000.40/3600.00 = 55.57% done)       Warning: No connection between edge '330982395#0' and edge '23859154#1' found.
Warning: Mandatory edge '23859154#1' not reachable by vehicle '11779'.
Warning: The vehicle '11779' has no valid route.
Warning: No connection between edge '-36243994#0' and edge '50170572#18' found.
Warning: Mandatory edge '50170572#18' not reachable by vehicle '1584'.
Warning: The vehicle '1584' has no valid route.
Warning: No connection between edge '24545613#0' and edge '96645524#1' found.
Warning: Mandatory edge '96645524#1' not reachable by vehicle '12353'.
Warning: The vehicle '12353' has no valid route.
Warning: No connection between edge '-304101517' and edge '95159050#1' found.
Warning: Mandatory edge '95159050#1' not reachable by vehicle '14715'.
Warning: The vehicle '14715' has no valid route.
Warning: No connection between edge '314898332' and edge '-24038130#0' found.
Warning: Mandatory edge '-24038130#0' not reachable by vehicle '9284'.
Warning: The vehicle '9284' has no valid route.
Warning: No connection between edge '32900676#1' and edge '355558165#1' found.
Warning: Mandatory edge '355558165#1' not reachable by vehicle '10690'.
Warning: The vehicle '10690' has no valid route.
Warning: No connection between edge '24545612' and edge '-345228944#0' found.
Warning: Mandatory edge '-345228944#0' not reachable by vehicle '14139'.
Warning: The vehicle '14139' has no valid route.
Warning: No connection between edge '-36248211' and edge '-100851690' found.
Warning: Mandatory edge '-100851690' not reachable by vehicle '10574'.
Warning: The vehicle '10574' has no valid route.
Reading up to time step: 2200.40  (2200.40/3600.00 = 61.12% done)       Warning: No connection between edge '328740483' and edge '126777129#2' found.
Warning: Mandatory edge '126777129#2' not reachable by vehicle '13220'.
Warning: The vehicle '13220' has no valid route.
Warning: No connection between edge '179175857' and edge '-304101517' found.
Warning: Mandatory edge '-304101517' not reachable by vehicle '6805'.
Warning: The vehicle '6805' has no valid route.
Warning: No connection between edge '77697382' and edge '23904506#2' found.
Warning: Mandatory edge '23904506#2' not reachable by vehicle '9556'.
Warning: The vehicle '9556' has no valid route.
Reading up to time step: 2400.40  (2400.40/3600.00 = 66.68% done)       Warning: No connection between edge '179175859' and edge '76508317' found.
Warning: Mandatory edge '76508317' not reachable by vehicle '7716'.
Warning: The vehicle '7716' has no valid route.
Warning: No connection between edge '85892142' and edge '192156457' found.
Warning: Mandatory edge '192156457' not reachable by vehicle '3117'.
Warning: The vehicle '3117' has no valid route.
Warning: No connection between edge '328740483' and edge '23957501#1' found.
Warning: Mandatory edge '23957501#1' not reachable by vehicle '4429'.
Warning: The vehicle '4429' has no valid route.
Warning: No connection between edge '355558165#0' and edge '36243994#1' found.
Warning: Mandatory edge '36243994#1' not reachable by vehicle '15558'.
Warning: The vehicle '15558' has no valid route.
Warning: No connection between edge '23957553#1' and edge '75117850#2' found.
Warning: Mandatory edge '75117850#2' not reachable by vehicle '6001'.
Warning: The vehicle '6001' has no valid route.
Warning: No connection between edge '397412671' and edge '-28359676' found.
Warning: Mandatory edge '-28359676' not reachable by vehicle '5033'.
Warning: The vehicle '5033' has no valid route.
Warning: No connection between edge '-28343683#0' and edge '75117885' found.
Warning: Mandatory edge '75117885' not reachable by vehicle '6707'.
Warning: The vehicle '6707' has no valid route.
Warning: No connection between edge '179175853' and edge '28343724#1' found.
Warning: Mandatory edge '28343724#1' not reachable by vehicle '9319'.
Warning: The vehicle '9319' has no valid route.
Warning: No connection between edge '123483881#0' and edge '29289647' found.
Warning: Mandatory edge '29289647' not reachable by vehicle '6301'.
Warning: The vehicle '6301' has no valid route.
Warning: No connection between edge '158265379#0' and edge '304101517' found.
Warning: Mandatory edge '304101517' not reachable by vehicle '11455'.
Warning: The vehicle '11455' has no valid route.
Reading up to time step: 2600.40  (2600.40/3600.00 = 72.23% done)       Warning: No connection between edge '330982375' and edge '408891184#1' found.
Warning: Mandatory edge '408891184#1' not reachable by vehicle '3502'.
Warning: The vehicle '3502' has no valid route.
Warning: No connection between edge '330982377' and edge '-345228944#0' found.
Warning: Mandatory edge '-345228944#0' not reachable by vehicle '14043'.
Warning: The vehicle '14043' has no valid route.
Warning: No connection between edge '22726014#0' and edge '76508319#1' found.
Warning: Mandatory edge '76508319#1' not reachable by vehicle '5633'.
Warning: The vehicle '5633' has no valid route.
Warning: No connection between edge '38754462' and edge '409863378#2' found.
Warning: Mandatory edge '409863378#2' not reachable by vehicle '12620'.
Warning: The vehicle '12620' has no valid route.
Warning: No connection between edge '4616750#0' and edge '36243994#1' found.
Warning: Mandatory edge '36243994#1' not reachable by vehicle '17221'.
Warning: The vehicle '17221' has no valid route.
Warning: No connection between edge '36247684#2' and edge '96645524#1' found.
Warning: Mandatory edge '96645524#1' not reachable by vehicle '12413'.
Warning: The vehicle '12413' has no valid route.
Warning: No connection between edge '75130637' and edge '23859149' found.
Warning: Mandatory edge '23859149' not reachable by vehicle '9963'.
Warning: The vehicle '9963' has no valid route.
Warning: No connection between edge '125233793#0' and edge '-28343686#10' found.
Warning: Mandatory edge '-28343686#10' not reachable by vehicle '5266'.
Warning: The vehicle '5266' has no valid route.
Warning: No connection between edge '123484055' and edge '-28343728#2' found.
Warning: Mandatory edge '-28343728#2' not reachable by vehicle '10567'.
Warning: The vehicle '10567' has no valid route.
Warning: No connection between edge '22726014#0' and edge '227354784#4' found.
Warning: Mandatory edge '227354784#4' not reachable by vehicle '6146'.
Warning: The vehicle '6146' has no valid route.
Warning: No connection between edge '218015783#0' and edge '355558165#1' found.
Warning: Mandatory edge '355558165#1' not reachable by vehicle '2892'.
Warning: The vehicle '2892' has no valid route.
Warning: No connection between edge '-32402834#0' and edge '29289647' found.
Warning: Mandatory edge '29289647' not reachable by vehicle '1945'.
Warning: The vehicle '1945' has no valid route.
Warning: No connection between edge '328740483' and edge '96645524#1' found.
Warning: Mandatory edge '96645524#1' not reachable by vehicle '12280'.
Warning: The vehicle '12280' has no valid route.
Warning: No connection between edge '329573257' and edge '-100851688' found.
Warning: Mandatory edge '-100851688' not reachable by vehicle '19791'.
Warning: The vehicle '19791' has no valid route.
Warning: No connection between edge '75117851' and edge '126777129#2' found.
Warning: Mandatory edge '126777129#2' not reachable by vehicle '13304'.
Warning: The vehicle '13304' has no valid route.
Warning: No connection between edge '125233793#1' and edge '-123483740#1' found.
Warning: Mandatory edge '-123483740#1' not reachable by vehicle '8926'.
Warning: The vehicle '8926' has no valid route.
Reading up to time step: 2800.40  (2800.40/3600.00 = 77.79% done)       Warning: No connection between edge '36243999#1' and edge '-75117926#2' found.
Warning: Mandatory edge '-75117926#2' not reachable by vehicle '1777'.
Warning: The vehicle '1777' has no valid route.
Warning: No connection between edge '408924700#2' and edge '-36243999#1' found.
Warning: Mandatory edge '-36243999#1' not reachable by vehicle '9229'.
Warning: The vehicle '9229' has no valid route.
Warning: No connection between edge '22726014#1' and edge '-345228944#0' found.
Warning: Mandatory edge '-345228944#0' not reachable by vehicle '14078'.
Warning: The vehicle '14078' has no valid route.
Warning: No connection between edge '123483766' and edge '26141600' found.
Warning: Mandatory edge '26141600' not reachable by vehicle '15019'.
Warning: The vehicle '15019' has no valid route.
Warning: No connection between edge '125233793#0' and edge '75482908' found.
Warning: Mandatory edge '75482908' not reachable by vehicle '2324'.
Warning: The vehicle '2324' has no valid route.
Warning: No connection between edge '-32906889#7' and edge '75117885' found.
Warning: Mandatory edge '75117885' not reachable by vehicle '3105'.
Warning: The vehicle '3105' has no valid route.
Warning: No connection between edge '36247684#3' and edge '-164049083#0' found.
Warning: Mandatory edge '-164049083#0' not reachable by vehicle '4783'.
Warning: The vehicle '4783' has no valid route.
Warning: No connection between edge '23904766#4' and edge '-36243994#0' found.
Warning: Mandatory edge '-36243994#0' not reachable by vehicle '4955'.
Warning: The vehicle '4955' has no valid route.
Warning: No connection between edge '32900593#2' and edge '-100851688' found.
Warning: Mandatory edge '-100851688' not reachable by vehicle '10126'.
Warning: The vehicle '10126' has no valid route.
Reading up to time step: 3000.40  (3000.40/3600.00 = 83.34% done)       Warning: No connection between edge '397412671' and edge '126777129#2' found.
Warning: Mandatory edge '126777129#2' not reachable by vehicle '13199'.
Warning: The vehicle '13199' has no valid route.
Warning: No connection between edge '378121655' and edge '164049083#6' found.
Warning: Mandatory edge '164049083#6' not reachable by vehicle '4067'.
Warning: The vehicle '4067' has no valid route.
Warning: No connection between edge '-123483880#0' and edge '328740483' found.
Warning: Mandatory edge '328740483' not reachable by vehicle '6935'.
Warning: The vehicle '6935' has no valid route.
Warning: No connection between edge '-158255563' and edge '-100851688' found.
Warning: Mandatory edge '-100851688' not reachable by vehicle '8277'.
Warning: The vehicle '8277' has no valid route.
Warning: No connection between edge '22726014#1' and edge '-75117816#9' found.
Warning: Mandatory edge '-75117816#9' not reachable by vehicle '1742'.
Warning: The vehicle '1742' has no valid route.
Warning: No connection between edge '36247684#2' and edge '77065289' found.
Warning: Mandatory edge '77065289' not reachable by vehicle '7363'.
Warning: The vehicle '7363' has no valid route.
Warning: No connection between edge '97751437#0' and edge '75117885' found.
Warning: Mandatory edge '75117885' not reachable by vehicle '19694'.
Warning: The vehicle '19694' has no valid route.
Warning: No connection between edge '38754462' and edge '-218162391' found.
Warning: Mandatory edge '-218162391' not reachable by vehicle '8338'.
Warning: The vehicle '8338' has no valid route.
Warning: No connection between edge '330982375' and edge '28359594#1' found.
Warning: Mandatory edge '28359594#1' not reachable by vehicle '3160'.
Warning: The vehicle '3160' has no valid route.
Warning: No connection between edge '75117851' and edge '126777129#2' found.
Warning: Mandatory edge '126777129#2' not reachable by vehicle '13683'.
Warning: The vehicle '13683' has no valid route.
Reading up to time step: 3200.40  (3200.40/3600.00 = 88.90% done)       Warning: No connection between edge '179175859' and edge '32933805#4' found.
Warning: Mandatory edge '32933805#4' not reachable by vehicle '4072'.
Warning: The vehicle '4072' has no valid route.
Warning: No connection between edge '-123483885' and edge '36243999#0' found.
Warning: Mandatory edge '36243999#0' not reachable by vehicle '2501'.
Warning: The vehicle '2501' has no valid route.
Warning: No connection between edge '-91348367#4' and edge '125233795#1' found.
Warning: Mandatory edge '125233795#1' not reachable by vehicle '10728'.
Warning: The vehicle '10728' has no valid route.
Warning: No connection between edge '103584204' and edge '409863378#2' found.
Warning: Mandatory edge '409863378#2' not reachable by vehicle '12950'.
Warning: The vehicle '12950' has no valid route.
Warning: No connection between edge '164049083#6' and edge '125233797' found.
Warning: Mandatory edge '125233797' not reachable by vehicle '5625'.
Warning: The vehicle '5625' has no valid route.
Warning: No connection between edge '-118195327#5' and edge '23859149' found.
Warning: Mandatory edge '23859149' not reachable by vehicle '9340'.
Warning: The vehicle '9340' has no valid route.
Warning: No connection between edge '329573257' and edge '123484055' found.
Warning: Mandatory edge '123484055' not reachable by vehicle '19696'.
Warning: The vehicle '19696' has no valid route.
Warning: No connection between edge '95159033#3' and edge '397412670' found.
Warning: Mandatory edge '397412670' not reachable by vehicle '9178'.
Warning: The vehicle '9178' has no valid route.
Warning: No connection between edge '314898332' and edge '-262718090#0' found.
Warning: Mandatory edge '-262718090#0' not reachable by vehicle '1678'.
Warning: The vehicle '1678' has no valid route.
Warning: No connection between edge '75117851' and edge '75117900' found.
Warning: Mandatory edge '75117900' not reachable by vehicle '4551'.
Warning: The vehicle '4551' has no valid route.
Reading up to time step: 3400.40  (3400.40/3600.00 = 94.46% done)       Warning: No connection between edge '22726014#0' and edge '-23907675#6' found.
Warning: Mandatory edge '-23907675#6' not reachable by vehicle '8709'.
Warning: The vehicle '8709' has no valid route.
Warning: No connection between edge '-50170572#23' and edge '36243994#1' found.
Warning: Mandatory edge '36243994#1' not reachable by vehicle '3479'.
Warning: The vehicle '3479' has no valid route.
Warning: No connection between edge '125233793#0' and edge '95159050#1' found.
Warning: Mandatory edge '95159050#1' not reachable by vehicle '14826'.
Warning: The vehicle '14826' has no valid route.
Warning: No connection between edge '24545612' and edge '197935286#4' found.
Warning: Mandatory edge '197935286#4' not reachable by vehicle '7139'.
Warning: The vehicle '7139' has no valid route.
Warning: No connection between edge '-36243994#1' and edge '24560963#1' found.
Warning: Mandatory edge '24560963#1' not reachable by vehicle '3187'.
Warning: The vehicle '3187' has no valid route.
Warning: No connection between edge '-36243999#1' and edge '123484170#1' found.
Warning: Mandatory edge '123484170#1' not reachable by vehicle '7396'.
Warning: The vehicle '7396' has no valid route.
Warning: No connection between edge '386386644' and edge '-28355604#2' found.
Warning: Mandatory edge '-28355604#2' not reachable by vehicle '1576'.
Warning: The vehicle '1576' has no valid route.
Warning: No connection between edge '36243999#0' and edge '23971579#5' found.
Warning: Mandatory edge '23971579#5' not reachable by vehicle '4662'.
Warning: The vehicle '4662' has no valid route.
Warning: No connection between edge '35576028' and edge '38754458' found.
Warning: Mandatory edge '38754458' not reachable by vehicle '974'.
Warning: The vehicle '974' has no valid route.
Warning: No connection between edge '123484086#1' and edge '123484118' found.
Warning: Mandatory edge '123484118' not reachable by vehicle '5224'.
Warning: The vehicle '5224' has no valid route.
Warning: No connection between edge '4616750#0' and edge '397412670' found.
Warning: Mandatory edge '397412670' not reachable by vehicle '17473'.
Warning: The vehicle '17473' has no valid route.
Warning: No connection between edge '75117924#4' and edge '-304101517' found.
Warning: Mandatory edge '-304101517' not reachable by vehicle '9968'.
Warning: The vehicle '9968' has no valid route.
Warning: No connection between edge '179175853' and edge '318886585#1' found.
Warning: Mandatory edge '318886585#1' not reachable by vehicle '1705'.
Warning: The vehicle '1705' has no valid route.
Warning: No connection between edge '-123483861' and edge '23859149' found.
Warning: Mandatory edge '23859149' not reachable by vehicle '7831'.
Warning: The vehicle '7831' has no valid route.
Warning: No connection between edge '330982395#1' and edge '28359628#0' found.
Warning: Mandatory edge '28359628#0' not reachable by vehicle '8193'.
Warning: The vehicle '8193' has no valid route.
Reading up to time step: 3600.00  (3600.00/3600.00 = 100.00% done)       Warning: No connection between edge '-154170703#1' and edge '-36243999#1' found.
Warning: Mandatory edge '-36243999#1' not reachable by vehicle '2066'.
Warning: The vehicle '2066' has no valid route.
Warning: No connection between edge '330982375' and edge '23907661#1' found.
Warning: Mandatory edge '23907661#1' not reachable by vehicle '9600'.
Warning: The vehicle '9600' has no valid route.
Warning: No connection between edge '192156461#3' and edge '36243994#0' found.
Warning: Mandatory edge '36243994#0' not reachable by vehicle '8637'.
Warning: The vehicle '8637' has no valid route.
Warning: No connection between edge '123483814#8' and edge '28355525' found.
Warning: Mandatory edge '28355525' not reachable by vehicle '4470'.
Warning: The vehicle '4470' has no valid route.
Warning: No connection between edge '-253086826#0' and edge '125233797' found.
Warning: Mandatory edge '125233797' not reachable by vehicle '10789'.
Warning: The vehicle '10789' has no valid route.
Warning: No connection between edge '355558165#0' and edge '318886585#0' found.
Warning: Mandatory edge '318886585#0' not reachable by vehicle '16261'.
Warning: The vehicle '16261' has no valid route.
Warning: No connection between edge '71213415#0' and edge '351227855' found.
Warning: Mandatory edge '351227855' not reachable by vehicle '9551'.
Warning: The vehicle '9551' has no valid route.
Warning: No connection between edge '123484027#0' and edge '-36243999#1' found.
Warning: Mandatory edge '-36243999#1' not reachable by vehicle '3216'.
Warning: The vehicle '3216' has no valid route.
Warning: No connection between edge '197935286#6' and edge '183334658' found.
Warning: Mandatory edge '183334658' not reachable by vehicle '4086'.
Warning: The vehicle '4086' has no valid route.
Warning: No connection between edge '77697382' and edge '-262718090#3' found.
Warning: Mandatory edge '-262718090#3' not reachable by vehicle '9155'.
Warning: The vehicle '9155' has no valid route.
Success.
