Loading configuration... done.
Reading up to time step: 0.79  (0.79/3600.00 = 0.02% done)       Reading up to time step: 200.79  (200.79/3600.00 = 5.58% done)       Warning: No connection between edge '35576028' and edge '125233795#0' found.
Warning: Mandatory edge '125233795#0' not reachable by vehicle '907'.
Warning: The vehicle '907' has no valid route.
Warning: No connection between edge '355558155#1' and edge '95159050#1' found.
Warning: Mandatory edge '95159050#1' not reachable by vehicle '4790'.
Warning: The vehicle '4790' has no valid route.
Reading up to time step: 400.79  (400.79/3600.00 = 11.13% done)       Warning: No connection between edge '35576028' and edge '-36243999#0' found.
Warning: Mandatory edge '-36243999#0' not reachable by vehicle '917'.
Warning: The vehicle '917' has no valid route.
Reading up to time step: 600.79  (600.79/3600.00 = 16.69% done)       Warning: No connection between edge '397412671' and edge '75123293#0' found.
Warning: Mandatory edge '75123293#0' not reachable by vehicle '1314'.
Warning: The vehicle '1314' has no valid route.
Warning: No connection between edge '123483766' and edge '26141600' found.
Warning: Mandatory edge '26141600' not reachable by vehicle '4946'.
Warning: The vehicle '4946' has no valid route.
Reading up to time step: 800.79  (800.79/3600.00 = 22.24% done)       Warning: No connection between edge '53163821#0' and edge '-36243999#0' found.
Warning: Mandatory edge '-36243999#0' not reachable by vehicle '1309'.
Warning: The vehicle '1309' has no valid route.
Warning: No connection between edge '85892142' and edge '23859154#1' found.
Warning: Mandatory edge '23859154#1' not reachable by vehicle '2922'.
Warning: The vehicle '2922' has no valid route.
Reading up to time step: 1000.79  (1000.79/3600.00 = 27.80% done)       Reading up to time step: 1200.79  (1200.79/3600.00 = 33.36% done)       Warning: No connection between edge '378121655' and edge '-23957558#1' found.
Warning: Mandatory edge '-23957558#1' not reachable by vehicle '1511'.
Warning: The vehicle '1511' has no valid route.
Warning: No connection between edge '85526065#1' and edge '36243994#1' found.
Warning: Mandatory edge '36243994#1' not reachable by vehicle '2626'.
Warning: The vehicle '2626' has no valid route.
Warning: No connection between edge '330982395#1' and edge '23859154#1' found.
Warning: Mandatory edge '23859154#1' not reachable by vehicle '2841'.
Warning: The vehicle '2841' has no valid route.
Reading up to time step: 1400.79  (1400.79/3600.00 = 38.91% done)       Warning: No connection between edge '35576028' and edge '36243999#1' found.
Warning: Mandatory edge '36243999#1' not reachable by vehicle '679'.
Warning: The vehicle '679' has no valid route.
Warning: No connection between edge '386386644' and edge '95159050#1' found.
Warning: Mandatory edge '95159050#1' not reachable by vehicle '4647'.
Warning: The vehicle '4647' has no valid route.
Warning: No connection between edge '23859154#0' and edge '409770784' found.
Warning: Mandatory edge '409770784' not reachable by vehicle '1048'.
Warning: The vehicle '1048' has no valid route.
Warning: No connection between edge '22726014#1' and edge '-409073638#7' found.
Warning: Mandatory edge '-409073638#7' not reachable by vehicle '2609'.
Warning: The vehicle '2609' has no valid route.
Reading up to time step: 1600.79  (1600.79/3600.00 = 44.47% done)       Warning: No connection between edge '23957553#1' and edge '23859154#1' found.
Warning: Mandatory edge '23859154#1' not reachable by vehicle '2923'.
Warning: The vehicle '2923' has no valid route.
Warning: No connection between edge '-95159050#1' and edge '28355525' found.
Warning: Mandatory edge '28355525' not reachable by vehicle '11141'.
Warning: The vehicle '11141' has no valid route.
Warning: No connection between edge '314898332' and edge '-32900502#1' found.
Warning: Mandatory edge '-32900502#1' not reachable by vehicle '1536'.
Warning: The vehicle '1536' has no valid route.
Reading up to time step: 1800.79  (1800.79/3600.00 = 50.02% done)       Warning: No connection between edge '-95159050#1' and edge '125233797' found.
Warning: Mandatory edge '125233797' not reachable by vehicle '10871'.
Warning: The vehicle '10871' has no valid route.
Warning: No connection between edge '123484118' and edge '26141600' found.
Warning: Mandatory edge '26141600' not reachable by vehicle '5079'.
Warning: The vehicle '5079' has no valid route.
Warning: No connection between edge '355558165#0' and edge '123484118' found.
Warning: Mandatory edge '123484118' not reachable by vehicle '5116'.
Warning: The vehicle '5116' has no valid route.
Reading up to time step: 2000.79  (2000.79/3600.00 = 55.58% done)       Warning: No connection between edge '-36243994#0' and edge '50170572#18' found.
Warning: Mandatory edge '50170572#18' not reachable by vehicle '1584'.
Warning: The vehicle '1584' has no valid route.
Reading up to time step: 2200.79  (2200.79/3600.00 = 61.13% done)       Reading up to time step: 2400.79  (2400.79/3600.00 = 66.69% done)       Warning: No connection between edge '85892142' and edge '96645524#1' found.
Warning: Mandatory edge '96645524#1' not reachable by vehicle '3116'.
Warning: The vehicle '3116' has no valid route.
Warning: No connection between edge '328740483' and edge '-345228944#0' found.
Warning: Mandatory edge '-345228944#0' not reachable by vehicle '4428'.
Warning: The vehicle '4428' has no valid route.
Warning: No connection between edge '397412671' and edge '26141600' found.
Warning: Mandatory edge '26141600' not reachable by vehicle '5032'.
Warning: The vehicle '5032' has no valid route.
Warning: No connection between edge '-26141600' and edge '304101517' found.
Warning: Mandatory edge '304101517' not reachable by vehicle '11448'.
Warning: The vehicle '11448' has no valid route.
Reading up to time step: 2600.79  (2600.79/3600.00 = 72.24% done)       Warning: No connection between edge '330982375' and edge '409863378#2' found.
Warning: Mandatory edge '409863378#2' not reachable by vehicle '3501'.
Warning: The vehicle '3501' has no valid route.
Warning: No connection between edge '-32402834#0' and edge '29289647' found.
Warning: Mandatory edge '29289647' not reachable by vehicle '1945'.
Warning: The vehicle '1945' has no valid route.
Reading up to time step: 2800.79  (2800.79/3600.00 = 77.80% done)       Warning: No connection between edge '36243999#1' and edge '-75117926#2' found.
Warning: Mandatory edge '-75117926#2' not reachable by vehicle '1777'.
Warning: The vehicle '1777' has no valid route.
Warning: No connection between edge '125233793#0' and edge '75482908' found.
Warning: Mandatory edge '75482908' not reachable by vehicle '2324'.
Warning: The vehicle '2324' has no valid route.
Warning: No connection between edge '36247684#3' and edge '95159050#1' found.
Warning: Mandatory edge '95159050#1' not reachable by vehicle '4782'.
Warning: The vehicle '4782' has no valid route.
Reading up to time step: 3000.79  (3000.79/3600.00 = 83.36% done)       Warning: No connection between edge '378121655' and edge '126777129#2' found.
Warning: Mandatory edge '126777129#2' not reachable by vehicle '4066'.
Warning: The vehicle '4066' has no valid route.
Warning: No connection between edge '22726014#1' and edge '-75117816#9' found.
Warning: Mandatory edge '-75117816#9' not reachable by vehicle '1742'.
Warning: The vehicle '1742' has no valid route.
Warning: No connection between edge '330982375' and edge '96645524#1' found.
Warning: Mandatory edge '96645524#1' not reachable by vehicle '3159'.
Warning: The vehicle '3159' has no valid route.
Reading up to time step: 3200.79  (3200.79/3600.00 = 88.91% done)       Warning: No connection between edge '179175859' and edge '180049721#1' found.
Warning: Mandatory edge '180049721#1' not reachable by vehicle '4071'.
Warning: The vehicle '4071' has no valid route.
Warning: No connection between edge '-123483885' and edge '36243999#0' found.
Warning: Mandatory edge '36243999#0' not reachable by vehicle '2501'.
Warning: The vehicle '2501' has no valid route.
Warning: No connection between edge '314898332' and edge '-262718090#0' found.
Warning: Mandatory edge '-262718090#0' not reachable by vehicle '1678'.
Warning: The vehicle '1678' has no valid route.
Warning: No connection between edge '75117851' and edge '95159050#1' found.
Warning: Mandatory edge '95159050#1' not reachable by vehicle '4550'.
Warning: The vehicle '4550' has no valid route.
Reading up to time step: 3400.79  (3400.79/3600.00 = 94.47% done)       Warning: No connection between edge '-36243994#1' and edge '96645524#1' found.
Warning: Mandatory edge '96645524#1' not reachable by vehicle '3186'.
Warning: The vehicle '3186' has no valid route.
Warning: No connection between edge '386386644' and edge '-28355604#2' found.
Warning: Mandatory edge '-28355604#2' not reachable by vehicle '1576'.
Warning: The vehicle '1576' has no valid route.
Warning: No connection between edge '36243999#0' and edge '95159050#1' found.
Warning: Mandatory edge '95159050#1' not reachable by vehicle '4661'.
Warning: The vehicle '4661' has no valid route.
Warning: No connection between edge '35576028' and edge '38754458' found.
Warning: Mandatory edge '38754458' not reachable by vehicle '974'.
Warning: The vehicle '974' has no valid route.
Warning: No connection between edge '355558165#0' and edge '123484118' found.
Warning: Mandatory edge '123484118' not reachable by vehicle '5223'.
Warning: The vehicle '5223' has no valid route.
Warning: No connection between edge '179175853' and edge '318886585#1' found.
Warning: Mandatory edge '318886585#1' not reachable by vehicle '1705'.
Warning: The vehicle '1705' has no valid route.
Reading up to time step: 3600.00  (3600.00/3600.00 = 100.00% done)       Warning: No connection between edge '-154170703#1' and edge '-36243999#1' found.
Warning: Mandatory edge '-36243999#1' not reachable by vehicle '2066'.
Warning: The vehicle '2066' has no valid route.
Warning: No connection between edge '22726045' and edge '36243994#0' found.
Warning: Mandatory edge '36243994#0' not reachable by vehicle '8632'.
Warning: The vehicle '8632' has no valid route.
Warning: No connection between edge '345228944#0' and edge '351227855' found.
Warning: Mandatory edge '351227855' not reachable by vehicle '9545'.
Warning: The vehicle '9545' has no valid route.
Success.
