Loading configuration... done.
Reading up to time step: 0.77  (0.77/3600.00 = 0.02% done)       Reading up to time step: 200.77  (200.77/3600.00 = 5.58% done)       Warning: No connection between edge '254821794#0' and edge '125233795#0' found.
Warning: Mandatory edge '125233795#0' not reachable by vehicle '907'.
Warning: The vehicle '907' has no valid route.
Warning: No connection between edge '-123484086#4' and edge '76043570' found.
Warning: Mandatory edge '76043570' not reachable by vehicle '1254'.
Warning: The vehicle '1254' has no valid route.
Reading up to time step: 400.77  (400.77/3600.00 = 11.13% done)       Warning: No connection between edge '50170572#20' and edge '-36243999#0' found.
Warning: Mandatory edge '-36243999#0' not reachable by vehicle '917'.
Warning: The vehicle '917' has no valid route.
Warning: No connection between edge '330982395#1' and edge '158265387' found.
Warning: Mandatory edge '158265387' not reachable by vehicle '1280'.
Warning: The vehicle '1280' has no valid route.
Reading up to time step: 600.77  (600.77/3600.00 = 16.69% done)       Warning: No connection between edge '397412671' and edge '75123293#0' found.
Warning: Mandatory edge '75123293#0' not reachable by vehicle '1315'.
Warning: The vehicle '1315' has no valid route.
Reading up to time step: 800.77  (800.77/3600.00 = 22.24% done)       Warning: No connection between edge '53163821#0' and edge '-36243999#0' found.
Warning: Mandatory edge '-36243999#0' not reachable by vehicle '1310'.
Warning: The vehicle '1310' has no valid route.
Reading up to time step: 1000.77  (1000.77/3600.00 = 27.80% done)       Reading up to time step: 1200.77  (1200.77/3600.00 = 33.35% done)       Warning: No connection between edge '378121655' and edge '-23957558#1' found.
Warning: Mandatory edge '-23957558#1' not reachable by vehicle '1512'.
Warning: The vehicle '1512' has no valid route.
Warning: No connection between edge '330982375' and edge '-23907664#10' found.
Warning: Mandatory edge '-23907664#10' not reachable by vehicle '1260'.
Warning: The vehicle '1260' has no valid route.
Reading up to time step: 1400.77  (1400.77/3600.00 = 38.91% done)       Warning: No connection between edge '-424825345' and edge '36243999#1' found.
Warning: Mandatory edge '36243999#1' not reachable by vehicle '679'.
Warning: The vehicle '679' has no valid route.
Warning: No connection between edge '-95159050#1' and edge '100851694' found.
Warning: Mandatory edge '100851694' not reachable by vehicle '4568'.
Warning: The vehicle '4568' has no valid route.
Warning: No connection between edge '23859154#0' and edge '-28355491#1' found.
Warning: Mandatory edge '-28355491#1' not reachable by vehicle '1049'.
Warning: The vehicle '1049' has no valid route.
Reading up to time step: 1600.77  (1600.77/3600.00 = 44.47% done)       Warning: No connection between edge '314898332' and edge '-32900502#1' found.
Warning: Mandatory edge '-32900502#1' not reachable by vehicle '1537'.
Warning: The vehicle '1537' has no valid route.
Warning: No connection between edge '345228944#0' and edge '410102852#1' found.
Warning: Mandatory edge '410102852#1' not reachable by vehicle '4103'.
Warning: The vehicle '4103' has no valid route.
Reading up to time step: 1800.77  (1800.77/3600.00 = 50.02% done)       Reading up to time step: 2000.77  (2000.77/3600.00 = 55.58% done)       Warning: No connection between edge '179175853' and edge '409770784' found.
Warning: Mandatory edge '409770784' not reachable by vehicle '216'.
Warning: The vehicle '216' has no valid route.
Warning: No connection between edge '-36243994#0' and edge '23859154#1' found.
Warning: Mandatory edge '23859154#1' not reachable by vehicle '1584'.
Warning: The vehicle '1584' has no valid route.
Warning: No connection between edge '408963359' and edge '397412670' found.
Warning: Mandatory edge '397412670' not reachable by vehicle '1109'.
Warning: The vehicle '1109' has no valid route.
Reading up to time step: 2200.77  (2200.77/3600.00 = 61.13% done)       Reading up to time step: 2400.77  (2400.77/3600.00 = 66.69% done)       Reading up to time step: 2600.77  (2600.77/3600.00 = 72.24% done)       Warning: No connection between edge '24038150#3' and edge '28355525' found.
Warning: Mandatory edge '28355525' not reachable by vehicle '1021'.
Warning: The vehicle '1021' has no valid route.
Warning: No connection between edge '77697382' and edge '75117857#3' found.
Warning: Mandatory edge '75117857#3' not reachable by vehicle '340'.
Warning: The vehicle '340' has no valid route.
Reading up to time step: 2800.77  (2800.77/3600.00 = 77.80% done)       Warning: No connection between edge '36243999#1' and edge '66848920' found.
Warning: Mandatory edge '66848920' not reachable by vehicle '1777'.
Warning: The vehicle '1777' has no valid route.
Warning: No connection between edge '100851682' and edge '409770784' found.
Warning: Mandatory edge '409770784' not reachable by vehicle '248'.
Warning: The vehicle '248' has no valid route.
Warning: No connection between edge '125233793#0' and edge '26141600' found.
Warning: Mandatory edge '26141600' not reachable by vehicle '2323'.
Warning: The vehicle '2323' has no valid route.
Reading up to time step: 3000.77  (3000.77/3600.00 = 83.35% done)       Warning: No connection between edge '22726014#1' and edge '96645524#1' found.
Warning: Mandatory edge '96645524#1' not reachable by vehicle '1742'.
Warning: The vehicle '1742' has no valid route.
Reading up to time step: 3200.77  (3200.77/3600.00 = 88.91% done)       Warning: No connection between edge '-23957345#3' and edge '123484118' found.
Warning: Mandatory edge '123484118' not reachable by vehicle '1042'.
Warning: The vehicle '1042' has no valid route.
Warning: No connection between edge '355558165#0' and edge '36243999#0' found.
Warning: Mandatory edge '36243999#0' not reachable by vehicle '2499'.
Warning: The vehicle '2499' has no valid route.
Warning: No connection between edge '314898332' and edge '96645524#1' found.
Warning: Mandatory edge '96645524#1' not reachable by vehicle '1678'.
Warning: The vehicle '1678' has no valid route.
Reading up to time step: 3400.77  (3400.77/3600.00 = 94.47% done)       Warning: No connection between edge '386386644' and edge '23859154#1' found.
Warning: Mandatory edge '23859154#1' not reachable by vehicle '1576'.
Warning: The vehicle '1576' has no valid route.
Warning: No connection between edge '-123484005#1' and edge '38754458' found.
Warning: Mandatory edge '38754458' not reachable by vehicle '974'.
Warning: The vehicle '974' has no valid route.
Warning: No connection between edge '179175853' and edge '96645524#1' found.
Warning: Mandatory edge '96645524#1' not reachable by vehicle '1705'.
Warning: The vehicle '1705' has no valid route.
Reading up to time step: 3600.00  (3600.00/3600.00 = 100.00% done)       Warning: No connection between edge '97751437#0' and edge '-36243999#1' found.
Warning: Mandatory edge '-36243999#1' not reachable by vehicle '3213'.
Warning: The vehicle '3213' has no valid route.
Warning: No connection between edge '345228944#0' and edge '183334658' found.
Warning: Mandatory edge '183334658' not reachable by vehicle '4081'.
Warning: The vehicle '4081' has no valid route.
Success.
